<?xml version="1.0" encoding="UTF-8"?>
<!-- Generated by org.testng.reporters.JUnitReportReporter -->
<testsuite hostname="MyprogramC28" failures="0" tests="5" name="first.SignInData" time="47.527" errors="0" timestamp="2025-09-01T14:18:48 IST" skipped="0">
  <testcase classname="first.SignInData" name="testLogin" time="8.849"/>
  <testcase classname="first.SignInData" name="testLogin" time="8.734"/>
  <testcase classname="first.SignInData" name="testLogin" time="8.864"/>
  <testcase classname="first.SignInData" name="testLogin" time="12.151"/>
  <testcase classname="first.SignInData" name="testLogin" time="8.929"/>
</testsuite> <!-- first.SignInData -->
